Build started 15.03.2014 14:23:44.
     1>Project "E:\Roman\Project Visual\Task1_z_18\Task1_z_18\Task1_z_18.vcxproj" on node 2 (build target(s)).
     1>InitializeBuildStatus:
         Creating "Debug\Task1_z_18.unsuccessfulbuild" because "AlwaysCreate" was specified.
       ClCompile:
         C:\Program Files (x86)\Microsoft Visual Studio 10.0\VC\bin\CL.exe /c /ZI /nologo /W3 /WX- /Od /Oy- /D _MBCS /Gm /EHsc /RTC1 /MDd /GS /fp:precise /Zc:wchar_t /Zc:forScope /Fo"Debug\\" /Fd"Debug\vc100.pdb" /Gd /TP /analyze- /errorReport:prompt Task1_z_18.cpp
         Task1_z_18.cpp
     1>e:\roman\project visual\task1_z_18\task1_z_18\task1_z_18.cpp(46): warning C4996: 'itoa': The POSIX name for this item is deprecated. Instead, use the ISO C++ conformant name: _itoa. See online help for details.
                 c:\program files (x86)\microsoft visual studio 10.0\vc\include\stdlib.h(867) : see declaration of 'itoa'
     1>e:\roman\project visual\task1_z_18\task1_z_18\task1_z_18.cpp(27): warning C4996: 'scanf': This function or variable may be unsafe. Consider using scanf_s instead. To disable deprecation, use _CRT_SECURE_NO_WARNINGS. See online help for details.
                 c:\program files (x86)\microsoft visual studio 10.0\vc\include\stdio.h(304) : see declaration of 'scanf'
                 e:\roman\project visual\task1_z_18\task1_z_18\task1_z_18.cpp(42) : see reference to function template instantiation 'T ProtectionInput<unsigned long>(T,T)' being compiled
                 with
                 [
                     T=unsigned long
                 ]
       Link:
         C:\Program Files (x86)\Microsoft Visual Studio 10.0\VC\bin\link.exe /ERRORREPORT:PROMPT /OUT:"E:\Roman\Project Visual\Task1_z_18\Debug\Task1_z_18.exe" /NOLOGO kernel32.lib user32.lib gdi32.lib winspool.lib comdlg32.lib advapi32.lib shell32.lib ole32.lib oleaut32.lib uuid.lib odbc32.lib odbccp32.lib /MANIFEST /ManifestFile:"Debug\Task1_z_18.exe.intermediate.manifest" /MANIFESTUAC:"level='asInvoker' uiAccess='false'" /DEBUG /PDB:"E:\Roman\Project Visual\Task1_z_18\Debug\Task1_z_18.pdb" /TLBID:1 /DYNAMICBASE /NXCOMPAT /IMPLIB:"E:\Roman\Project Visual\Task1_z_18\Debug\Task1_z_18.lib" /MACHINE:X86 Debug\Task1_z_18.obj
         LINK : E:\Roman\Project Visual\Task1_z_18\Debug\Task1_z_18.exe not found or not built by the last incremental link; performing full link
         Task1_z_18.vcxproj -> E:\Roman\Project Visual\Task1_z_18\Debug\Task1_z_18.exe
       Manifest:
         C:\Program Files (x86)\Microsoft SDKs\Windows\v7.0A\bin\mt.exe /nologo /verbose /outputresource:"E:\Roman\Project Visual\Task1_z_18\Debug\Task1_z_18.exe;#1" /manifest Debug\Task1_z_18.exe.intermediate.manifest
       FinalizeBuildStatus:
         Deleting file "Debug\Task1_z_18.unsuccessfulbuild".
         Touching "Debug\Task1_z_18.lastbuildstate".
     1>Done Building Project "E:\Roman\Project Visual\Task1_z_18\Task1_z_18\Task1_z_18.vcxproj" (build target(s)).

Build succeeded.

Time Elapsed 00:00:03.61
